<?xml version="1.0" encoding="UTF-8"?>
<testng-results ignored="0" total="1" passed="1" failed="0" skipped="0">
  <reporter-output>
  </reporter-output>
  <suite started-at="2024-07-01T13:18:40 IST" name="Default suite" finished-at="2024-07-01T13:18:43 IST" duration-ms="2563">
    <groups>
    </groups>
    <test started-at="2024-07-01T13:18:40 IST" name="Default test" finished-at="2024-07-01T13:18:43 IST" duration-ms="2563">
      <class name="com.api.automation.api_automation.AppTest">
        <test-method signature="testWeatherInLondon()[pri:0, instance:com.api.automation.api_automation.AppTest@1a04f701]" started-at="2024-07-01T13:18:40 IST" name="testWeatherInLondon" finished-at="2024-07-01T13:18:43 IST" duration-ms="2535" status="PASS">
          <reporter-output>
          </reporter-output>
        </test-method> <!-- testWeatherInLondon -->
      </class> <!-- com.api.automation.api_automation.AppTest -->
    </test> <!-- Default test -->
  </suite> <!-- Default suite -->
</testng-results>
