<?xml version="1.0" encoding="UTF-8"?>
<robot generator="Robot 7.0.1 (Python 3.12.4 on darwin)" generated="2024-06-27T22:19:55.654031" rpa="false" schemaversion="5">
<suite id="s1" name="Login Test" source="/Users/dipeshpunjabi/PycharmProjects/robotlogin/login_test.robot">
<test id="s1-t1" name="Search Dentist and Book First Slot" line="10">
<kw name="Open Browser" owner="SeleniumLibrary">
<msg time="2024-06-27T22:19:55.799073" level="INFO">Opening browser 'chrome' to base url 'https://www.practo.com'.</msg>
<arg>${URL}</arg>
<arg>${BROWSER}</arg>
<doc>Opens a new browser instance to the optional ``url``.</doc>
<status status="PASS" start="2024-06-27T22:19:55.798636" elapsed="23.607352"/>
</kw>
<kw name="Maximize Browser Window" owner="SeleniumLibrary">
<doc>Maximizes current browser window.</doc>
<status status="PASS" start="2024-06-27T22:20:19.406596" elapsed="0.412798"/>
</kw>
<kw name="Input Text" owner="SeleniumLibrary">
<msg time="2024-06-27T22:20:19.820352" level="INFO">Typing text 'dentist' into text field 'xpath://*[@id="c-omni-container"]/div/div[2]/div/input'.</msg>
<arg>xpath://*[@id="c-omni-container"]/div/div[2]/div/input</arg>
<arg>${SEARCH_TERM}</arg>
<doc>Types the given ``text`` into the text field identified by ``locator``.</doc>
<status status="PASS" start="2024-06-27T22:20:19.819660" elapsed="0.226095"/>
</kw>
<kw name="Sleep" owner="BuiltIn">
<msg time="2024-06-27T22:20:22.047659" level="INFO">Slept 2 seconds.</msg>
<arg>2s</arg>
<doc>Pauses the test executed for the given time.</doc>
<status status="PASS" start="2024-06-27T22:20:20.045984" elapsed="2.001881"/>
</kw>
<kw name="Select First Element">
<kw name="Click Element" owner="SeleniumLibrary">
<msg time="2024-06-27T22:20:22.050362" level="INFO">Clicking element 'xpath://*[@id="c-omni-container"]/div/div[2]/div[2]/div[1]/div[1]'.</msg>
<arg>xpath://*[@id="c-omni-container"]/div/div[2]/div[2]/div[1]/div[1]</arg>
<doc>Click the element identified by ``locator``.</doc>
<status status="PASS" start="2024-06-27T22:20:22.050026" elapsed="0.069327"/>
</kw>
<kw name="Sleep" owner="BuiltIn">
<msg time="2024-06-27T22:20:25.120775" level="INFO">Slept 3 seconds.</msg>
<arg>3s</arg>
<doc>Pauses the test executed for the given time.</doc>
<status status="PASS" start="2024-06-27T22:20:22.119647" elapsed="3.001255"/>
</kw>
<status status="PASS" start="2024-06-27T22:20:22.048804" elapsed="3.072308"/>
</kw>
<kw name="Select First Doc">
<kw name="Click Element" owner="SeleniumLibrary">
<msg time="2024-06-27T22:20:25.121990" level="INFO">Clicking element 'xpath://*[@id="container"]/div/div[4]/div/div[1]/div/div[3]/div[1]/div'.</msg>
<arg>xpath://*[@id="container"]/div/div[4]/div/div[1]/div/div[3]/div[1]/div</arg>
<doc>Click the element identified by ``locator``.</doc>
<status status="PASS" start="2024-06-27T22:20:25.121763" elapsed="8.639438"/>
</kw>
<kw name="Sleep" owner="BuiltIn">
<msg time="2024-06-27T22:20:40.763705" level="INFO">Slept 7 seconds.</msg>
<arg>7s</arg>
<doc>Pauses the test executed for the given time.</doc>
<status status="PASS" start="2024-06-27T22:20:33.761397" elapsed="7.002424"/>
</kw>
<status status="PASS" start="2024-06-27T22:20:25.121395" elapsed="15.642562"/>
</kw>
<kw name="Select Clinic">
<kw name="Click Element" owner="SeleniumLibrary">
<msg time="2024-06-27T22:20:40.764670" level="INFO">Clicking element 'xpath://*[@id="react-tabs-62531"]/div/div[1]/div/div/div/div/div[2]/div[2]/div/button'.</msg>
<msg time="2024-06-27T22:20:41.225907" level="INFO" html="true">&lt;/td&gt;&lt;/tr&gt;&lt;tr&gt;&lt;td colspan="3"&gt;&lt;a href="selenium-screenshot-30.png"&gt;&lt;img src="selenium-screenshot-30.png" width="800px"&gt;&lt;/a&gt;</msg>
<msg time="2024-06-27T22:20:41.226098" level="FAIL">Element with locator 'xpath://*[@id="react-tabs-62531"]/div/div[1]/div/div/div/div/div[2]/div[2]/div/button' not found.</msg>
<arg>xpath://*[@id="react-tabs-62531"]/div/div[1]/div/div/div/div/div[2]/div[2]/div/button</arg>
<doc>Click the element identified by ``locator``.</doc>
<status status="FAIL" start="2024-06-27T22:20:40.764464" elapsed="0.463219">Element with locator 'xpath://*[@id="react-tabs-62531"]/div/div[1]/div/div/div/div/div[2]/div[2]/div/button' not found.</status>
</kw>
<kw name="Sleep" owner="BuiltIn">
<arg>10s</arg>
<doc>Pauses the test executed for the given time.</doc>
<status status="NOT RUN" start="2024-06-27T22:20:41.227845" elapsed="0.000033"/>
</kw>
<status status="FAIL" start="2024-06-27T22:20:40.764162" elapsed="0.463839">Element with locator 'xpath://*[@id="react-tabs-62531"]/div/div[1]/div/div/div/div/div[2]/div[2]/div/button' not found.</status>
</kw>
<kw name="Sleep" owner="BuiltIn">
<arg>10s</arg>
<doc>Pauses the test executed for the given time.</doc>
<status status="NOT RUN" start="2024-06-27T22:20:41.228102" elapsed="0.000026"/>
</kw>
<kw name="Close Browser" owner="SeleniumLibrary" type="TEARDOWN">
<doc>Closes the current browser.</doc>
<status status="PASS" start="2024-06-27T22:20:41.228343" elapsed="0.140924"/>
</kw>
<status status="FAIL" start="2024-06-27T22:19:55.797819" elapsed="45.571640">Element with locator 'xpath://*[@id="react-tabs-62531"]/div/div[1]/div/div/div/div/div[2]/div[2]/div/button' not found.</status>
</test>
<status status="FAIL" start="2024-06-27T22:19:55.655521" elapsed="45.715019"/>
</suite>
<statistics>
<total>
<stat pass="0" fail="1" skip="0">All Tests</stat>
</total>
<tag>
</tag>
<suite>
<stat pass="0" fail="1" skip="0" id="s1" name="Login Test">Login Test</stat>
</suite>
</statistics>
<errors>
</errors>
</robot>
